<?xml version="1.0" encoding="UTF-8"?>
<!-- Generated by org.testng.reporters.JUnitXMLReporter -->
<testsuite ignored="0" hostname="DESKTOP-I1HVQQF" failures="1" tests="1" name="Test" time="15.367" errors="0" timestamp="2022-10-09T12:43:20 IST">
  <testcase classname="TestClass.TestAltoroWebsite" name="TestCaseId" time="1.32">
    <failure type="java.lang.AssertionError" message="$140664.44 expected:&amp;lt;$140664.44&amp;gt; but was:&amp;lt;Failed : Both Amount are Different&amp;gt;">
      <![CDATA[java.lang.AssertionError: $140664.44 expected:<$140664.44> but was:<Failed : Both Amount are Different>
at TestClass.TestAltoroWebsite.TestCaseId(TestAltoroWebsite.java:103)
at java.base/java.util.ArrayList.forEach(ArrayList.java:1511)
... Removed 26 stack frames]]>
    </failure>
  </testcase> <!-- TestCaseId -->
</testsuite> <!-- Test -->
